<?xml version="1.0" encoding="UTF-8"?>
<testsuite xmlns:xsi="http://www.w3.org/2001/XMLSchema-instance" xsi:noNamespaceSchemaLocation="https://maven.apache.org/surefire/maven-surefire-plugin/xsd/surefire-test-report-3.0.xsd" version="3.0" name="org.example.testRunner.runners" time="383.551" tests="19" errors="0" skipped="0" failures="3">
  <properties>
[...]
</properties>
  <testcase name="runScenario[&quot;guest user could register with valid data successfully&quot;, &quot;F01_Register | users could register with new accounts&quot;](1)" classname="org.example.testRunner.runners" time="37.724">
    <system-err><![CDATA[SLF4J: Failed to load class "org.slf4j.impl.StaticLoggerBinder".
SLF4J: Defaulting to no-operation (NOP) logger implementation
SLF4J: See http://www.slf4j.org/codes.html#StaticLoggerBinder for further details.
Starting ChromeDriver 104.0.5112.79 (3cf3e8c8a07d104b9e1260c910efb8f383285dc5-refs/branch-heads/5112@{#1307}) on port 57200
Only local connections are allowed.
Please see https://chromedriver.chromium.org/security-considerations for suggestions on keeping ChromeDriver safe.
ChromeDriver was started successfully.
أغس 19, 2022 5:46:48 م org.openqa.selenium.remote.ProtocolHandshake createSession
INFO: Detected upstream dialect: W3C
أغس 19, 2022 5:46:48 م org.openqa.selenium.devtools.CdpVersionFinder findNearestMatch
INFO: Found exact CDP implementation for version 104
]]></system-err>
  </testcase>
  <testcase name="runScenario[&quot;user could login whit valid email and password&quot;, &quot;F02_Login | user could use login functionality to use their account&quot;](2)" classname="org.example.testRunner.runners" time="16.867">
    <system-err><![CDATA[Starting ChromeDriver 104.0.5112.79 (3cf3e8c8a07d104b9e1260c910efb8f383285dc5-refs/branch-heads/5112@{#1307}) on port 51167
Only local connections are allowed.
Please see https://chromedriver.chromium.org/security-considerations for suggestions on keeping ChromeDriver safe.
ChromeDriver was started successfully.
أغس 19, 2022 5:47:20 م org.openqa.selenium.remote.ProtocolHandshake createSession
INFO: Detected upstream dialect: W3C
أغس 19, 2022 5:47:20 م org.openqa.selenium.devtools.CdpVersionFinder findNearestMatch
INFO: Found exact CDP implementation for version 104
]]></system-err>
  </testcase>
  <testcase name="runScenario[&quot;user could login with invalid email and password&quot;, &quot;F02_Login | user could use login functionality to use their account&quot;](3)" classname="org.example.testRunner.runners" time="17.097">
    <system-err><![CDATA[Starting ChromeDriver 104.0.5112.79 (3cf3e8c8a07d104b9e1260c910efb8f383285dc5-refs/branch-heads/5112@{#1307}) on port 63789
Only local connections are allowed.
Please see https://chromedriver.chromium.org/security-considerations for suggestions on keeping ChromeDriver safe.
ChromeDriver was started successfully.
أغس 19, 2022 5:47:37 م org.openqa.selenium.remote.ProtocolHandshake createSession
INFO: Detected upstream dialect: W3C
أغس 19, 2022 5:47:37 م org.openqa.selenium.devtools.CdpVersionFinder findNearestMatch
INFO: Found exact CDP implementation for version 104
]]></system-err>
  </testcase>
  <testcase name="runScenario[&quot;User could select the kind of currency&quot;, &quot;F03_currencies | user could use currencies Functionality to select the Kind of Currency&quot;](4)" classname="org.example.testRunner.runners" time="17.391">
    <system-out><![CDATA[size4
]]></system-out>
    <system-err><![CDATA[Starting ChromeDriver 104.0.5112.79 (3cf3e8c8a07d104b9e1260c910efb8f383285dc5-refs/branch-heads/5112@{#1307}) on port 55981
Only local connections are allowed.
Please see https://chromedriver.chromium.org/security-considerations for suggestions on keeping ChromeDriver safe.
ChromeDriver was started successfully.
أغس 19, 2022 5:47:54 م org.openqa.selenium.remote.ProtocolHandshake createSession
INFO: Detected upstream dialect: W3C
أغس 19, 2022 5:47:54 م org.openqa.selenium.devtools.CdpVersionFinder findNearestMatch
INFO: Found exact CDP implementation for version 104
]]></system-err>
  </testcase>
  <testcase name="runScenario[&quot;user could search using product name&quot;, &quot;&gt; F04_Search |user could use Search Functionality to find The any product&quot;](5)" classname="org.example.testRunner.runners" time="18.049">
    <system-err><![CDATA[Starting ChromeDriver 104.0.5112.79 (3cf3e8c8a07d104b9e1260c910efb8f383285dc5-refs/branch-heads/5112@{#1307}) on port 51501
Only local connections are allowed.
Please see https://chromedriver.chromium.org/security-considerations for suggestions on keeping ChromeDriver safe.
ChromeDriver was started successfully.
أغس 19, 2022 5:48:10 م org.openqa.selenium.remote.ProtocolHandshake createSession
INFO: Detected upstream dialect: W3C
أغس 19, 2022 5:48:10 م org.openqa.selenium.devtools.CdpVersionFinder findNearestMatch
INFO: Found exact CDP implementation for version 104
]]></system-err>
  </testcase>
  <testcase name="runScenario[&quot;user could search using product name&quot;, &quot;&gt; F04_Search |user could use Search Functionality to find The any product&quot;](6)" classname="org.example.testRunner.runners" time="17.578">
    <system-err><![CDATA[Starting ChromeDriver 104.0.5112.79 (3cf3e8c8a07d104b9e1260c910efb8f383285dc5-refs/branch-heads/5112@{#1307}) on port 50820
Only local connections are allowed.
Please see https://chromedriver.chromium.org/security-considerations for suggestions on keeping ChromeDriver safe.
ChromeDriver was started successfully.
أغس 19, 2022 5:48:29 م org.openqa.selenium.remote.ProtocolHandshake createSession
INFO: Detected upstream dialect: W3C
أغس 19, 2022 5:48:29 م org.openqa.selenium.devtools.CdpVersionFinder findNearestMatch
INFO: Found exact CDP implementation for version 104
]]></system-err>
  </testcase>
  <testcase name="runScenario[&quot;user could search using product name&quot;, &quot;&gt; F04_Search |user could use Search Functionality to find The any product&quot;](7)" classname="org.example.testRunner.runners" time="17.399">
    <system-err><![CDATA[Starting ChromeDriver 104.0.5112.79 (3cf3e8c8a07d104b9e1260c910efb8f383285dc5-refs/branch-heads/5112@{#1307}) on port 57428
Only local connections are allowed.
Please see https://chromedriver.chromium.org/security-considerations for suggestions on keeping ChromeDriver safe.
ChromeDriver was started successfully.
أغس 19, 2022 5:48:46 م org.openqa.selenium.remote.ProtocolHandshake createSession
INFO: Detected upstream dialect: W3C
أغس 19, 2022 5:48:46 م org.openqa.selenium.devtools.CdpVersionFinder findNearestMatch
INFO: Found exact CDP implementation for version 104
]]></system-err>
  </testcase>
  <testcase name="runScenario[&quot;user could search for product using sku&quot;, &quot;&gt; F04_Search |user could use Search Functionality to find The any product&quot;](8)" classname="org.example.testRunner.runners" time="16.733">
    <system-err><![CDATA[Starting ChromeDriver 104.0.5112.79 (3cf3e8c8a07d104b9e1260c910efb8f383285dc5-refs/branch-heads/5112@{#1307}) on port 62218
Only local connections are allowed.
Please see https://chromedriver.chromium.org/security-considerations for suggestions on keeping ChromeDriver safe.
ChromeDriver was started successfully.
أغس 19, 2022 5:49:04 م org.openqa.selenium.remote.ProtocolHandshake createSession
INFO: Detected upstream dialect: W3C
أغس 19, 2022 5:49:04 م org.openqa.selenium.devtools.CdpVersionFinder findNearestMatch
INFO: Found exact CDP implementation for version 104
]]></system-err>
  </testcase>
  <testcase name="runScenario[&quot;user could search for product using sku&quot;, &quot;&gt; F04_Search |user could use Search Functionality to find The any product&quot;](9)" classname="org.example.testRunner.runners" time="19.905">
    <system-err><![CDATA[Starting ChromeDriver 104.0.5112.79 (3cf3e8c8a07d104b9e1260c910efb8f383285dc5-refs/branch-heads/5112@{#1307}) on port 50310
Only local connections are allowed.
Please see https://chromedriver.chromium.org/security-considerations for suggestions on keeping ChromeDriver safe.
ChromeDriver was started successfully.
أغس 19, 2022 5:49:21 م org.openqa.selenium.remote.ProtocolHandshake createSession
INFO: Detected upstream dialect: W3C
أغس 19, 2022 5:49:21 م org.openqa.selenium.devtools.CdpVersionFinder findNearestMatch
INFO: Found exact CDP implementation for version 104
]]></system-err>
  </testcase>
  <testcase name="runScenario[&quot;user could search for product using sku&quot;, &quot;&gt; F04_Search |user could use Search Functionality to find The any product&quot;](10)" classname="org.example.testRunner.runners" time="17.164">
    <system-err><![CDATA[Starting ChromeDriver 104.0.5112.79 (3cf3e8c8a07d104b9e1260c910efb8f383285dc5-refs/branch-heads/5112@{#1307}) on port 56758
Only local connections are allowed.
Please see https://chromedriver.chromium.org/security-considerations for suggestions on keeping ChromeDriver safe.
ChromeDriver was started successfully.
أغس 19, 2022 5:49:40 م org.openqa.selenium.remote.ProtocolHandshake createSession
INFO: Detected upstream dialect: W3C
أغس 19, 2022 5:49:41 م org.openqa.selenium.devtools.CdpVersionFinder findNearestMatch
INFO: Found exact CDP implementation for version 104
]]></system-err>
  </testcase>
  <testcase name="runScenario[&quot;user could hover on one of main categories then click on sub category&quot;, &quot;F05_hoverCategories | user could use hover Functionality on one of main categories&quot;](11)" classname="org.example.testRunner.runners" time="17.542">
    <system-out><![CDATA[size7
to know which category is selected:   Gift Cards
]]></system-out>
    <system-err><![CDATA[Starting ChromeDriver 104.0.5112.79 (3cf3e8c8a07d104b9e1260c910efb8f383285dc5-refs/branch-heads/5112@{#1307}) on port 65466
Only local connections are allowed.
Please see https://chromedriver.chromium.org/security-considerations for suggestions on keeping ChromeDriver safe.
ChromeDriver was started successfully.
أغس 19, 2022 5:49:58 م org.openqa.selenium.remote.ProtocolHandshake createSession
INFO: Detected upstream dialect: W3C
أغس 19, 2022 5:49:58 م org.openqa.selenium.devtools.CdpVersionFinder findNearestMatch
INFO: Found exact CDP implementation for version 104
]]></system-err>
  </testcase>
  <testcase name="runScenario[&quot;first slider (Nokia Lumia 1020) is clickable on home page&quot;, &quot;F06_homeSliders | user could click on Sliders&quot;](12)" classname="org.example.testRunner.runners" time="16.595">
    <failure message="expected [https://demo.nopcommerce.com/nokia-lumia-1020] but found [https://demo.nopcommerce.com/]" type="java.lang.AssertionError"><![CDATA[java.lang.AssertionError: expected [https://demo.nopcommerce.com/nokia-lumia-1020] but found [https://demo.nopcommerce.com/]
	at org.testng.Assert.fail(Assert.java:110)
	at org.testng.Assert.failNotEquals(Assert.java:1413)
	at org.testng.Assert.assertEqualsImpl(Assert.java:149)
	at org.testng.Assert.assertEquals(Assert.java:131)
	at org.testng.Assert.assertEquals(Assert.java:655)
	at org.testng.Assert.assertEquals(Assert.java:665)
	at org.example.stepDefs.D06_homeSlidersStepDef.userGoToNokiaLumiaPage(D06_homeSlidersStepDef.java:34)
	at ✽.user go to Nokia Lumia 1020 page(file:///D:/MY%20Brojct/demonopcommerce/src/main/resources/features/F06_homeSliders.feature:6)
]]></failure>
    <system-out><![CDATA[
@smoke
Scenario: guest user could register with valid data successfully &amp#27;[90m# src/main/resources/features/F01_Register.feature:4&amp#27;[0m
  &amp#27;[32mGiven &amp#27;[0m&amp#27;[32muser go to register page&amp#27;[0m                                 &amp#27;[90m# org.example.stepDefs.D01_registerStepDef.openPage()&amp#27;[0m
  &amp#27;[32mWhen &amp#27;[0m&amp#27;[32muser select gender type&amp#27;[0m                                   &amp#27;[90m# org.example.stepDefs.D01_registerStepDef.selectGender()&amp#27;[0m
  &amp#27;[32mAnd &amp#27;[0m&amp#27;[32muser enter first name "&amp#27;[0m&amp#27;[32m&amp#27;[1mautomation&amp#27;[0m&amp#27;[32m" last name "&amp#27;[0m&amp#27;[32m&amp#27;[1mtester&amp#27;[0m&amp#27;[32m"&amp#27;[0m      &amp#27;[90m# org.example.stepDefs.D01_registerStepDef.enterName(java.lang.String,java.lang.String)&amp#27;[0m
  &amp#27;[32mAnd &amp#27;[0m&amp#27;[32muser enter date of birth&amp#27;[0m                                   &amp#27;[90m# org.example.stepDefs.D01_registerStepDef.enterBirth()&amp#27;[0m
  &amp#27;[32mAnd &amp#27;[0m&amp#27;[32muser enter email "&amp#27;[0m&amp#27;[32m&amp#27;[1mtest@example.com&amp#27;[0m&amp#27;[32m" field&amp#27;[0m                  &amp#27;[90m# org.example.stepDefs.D01_registerStepDef.enterEmail(java.lang.String)&amp#27;[0m
  &amp#27;[32mAnd &amp#27;[0m&amp#27;[32muser enter password fields "&amp#27;[0m&amp#27;[32m&amp#27;[1mP@ssw0rd&amp#27;[0m&amp#27;[32m" "&amp#27;[0m&amp#27;[32m&amp#27;[1mP@ssw0rd&amp#27;[0m&amp#27;[32m"&amp#27;[0m           &amp#27;[90m# org.example.stepDefs.D01_registerStepDef.enterPassword(java.lang.String,java.lang.String)&amp#27;[0m
  &amp#27;[32mAnd &amp#27;[0m&amp#27;[32muser click in register button&amp#27;[0m                              &amp#27;[90m# org.example.stepDefs.D01_registerStepDef.registerButton()&amp#27;[0m
  &amp#27;[32mThen &amp#27;[0m&amp#27;[32msuccess massage displayed&amp#27;[0m                                 &amp#27;[90m# org.example.stepDefs.D01_registerStepDef.displayedMassage()&amp#27;[0m

@smoke
Scenario: user could login whit valid email and password         &amp#27;[90m# src/main/resources/features/F02_Login.feature:7&amp#27;[0m
  &amp#27;[32mGiven &amp#27;[0m&amp#27;[32muser go to login page&amp#27;[0m                                    &amp#27;[90m# org.example.stepDefs.D02_loginStepDef.openLoginPage()&amp#27;[0m
  &amp#27;[32mWhen &amp#27;[0m&amp#27;[32muser login with "&amp#27;[0m&amp#27;[32m&amp#27;[1mvalid&amp#27;[0m&amp#27;[32m" "&amp#27;[0m&amp#27;[32m&amp#27;[1mtest@example.com&amp#27;[0m&amp#27;[32m" and "&amp#27;[0m&amp#27;[32m&amp#27;[1mP@ssw0rd&amp#27;[0m&amp#27;[32m"&amp#27;[0m &amp#27;[90m# org.example.stepDefs.D02_loginStepDef.loginData(java.lang.String,java.lang.String,java.lang.String)&amp#27;[0m
  &amp#27;[32mAnd &amp#27;[0m&amp#27;[32muser press on login button&amp#27;[0m                                 &amp#27;[90m# org.example.stepDefs.D02_loginStepDef.LoginButton()&amp#27;[0m
  &amp#27;[32mThen &amp#27;[0m&amp#27;[32muser login to the system successfully&amp#27;[0m                     &amp#27;[90m# org.example.stepDefs.D02_loginStepDef.LoginSuccessfully()&amp#27;[0m

@smoke
Scenario: user could login with invalid email and password          &amp#27;[90m# src/main/resources/features/F02_Login.feature:14&amp#27;[0m
  &amp#27;[32mGiven &amp#27;[0m&amp#27;[32muser go to login page&amp#27;[0m                                       &amp#27;[90m# org.example.stepDefs.D02_loginStepDef.openLoginPage()&amp#27;[0m
  &amp#27;[32mWhen &amp#27;[0m&amp#27;[32muser login with "&amp#27;[0m&amp#27;[32m&amp#27;[1minvalid&amp#27;[0m&amp#27;[32m" "&amp#27;[0m&amp#27;[32m&amp#27;[1mwrong@example.com&amp#27;[0m&amp#27;[32m" and "&amp#27;[0m&amp#27;[32m&amp#27;[1mP@ssw0rd&amp#27;[0m&amp#27;[32m"&amp#27;[0m &amp#27;[90m# org.example.stepDefs.D02_loginStepDef.loginData(java.lang.String,java.lang.String,java.lang.String)&amp#27;[0m
  &amp#27;[32mAnd &amp#27;[0m&amp#27;[32muser press on login button&amp#27;[0m                                    &amp#27;[90m# org.example.stepDefs.D02_loginStepDef.LoginButton()&amp#27;[0m
  &amp#27;[32mThen &amp#27;[0m&amp#27;[32muser could not login to the system&amp#27;[0m                           &amp#27;[90m# org.example.stepDefs.D02_loginStepDef.notLogin()&amp#27;[0m

@smoke
Scenario: User could select the kind of currency                                                     &amp#27;[90m# src/main/resources/features/F03_currencies.feature:4&amp#27;[0m
  &amp#27;[32mWhen &amp#27;[0m&amp#27;[32mSelect Euro currency from the dropdown list on the top left of home page&amp#27;[0m                      &amp#27;[90m# org.example.stepDefs.D03_currenciesStepDef.dropdown()&amp#27;[0m
  &amp#27;[32mAnd &amp#27;[0m&amp#27;[32mUse hard assertion to verify Euro Symbol "&amp#27;[0m&amp#27;[32m&amp#27;[1mâ‚¬&amp#27;[0m&amp#27;[32m" is shown on the 4 products displayed in Home page&amp#27;[0m &amp#27;[90m# org.example.stepDefs.D03_currenciesStepDef.verifyEuroSymbol(java.lang.String)&amp#27;[0m

@smoke
Scenario Outline: user could search using product name &amp#27;[90m# src/main/resources/features/F04_Search.feature:13&amp#27;[0m
  &amp#27;[32mWhen &amp#27;[0m&amp#27;[32mUser could enter the product by &amp#27;[0m&amp#27;[32m&amp#27;[1mbook&amp#27;[0m            &amp#27;[90m# org.example.stepDefs.D04_searchStepDef.userCouldEnterTheProduct(java.lang.String)&amp#27;[0m
  &amp#27;[32mAnd &amp#27;[0m&amp#27;[32mpress on Search button&amp#27;[0m                           &amp#27;[90m# org.example.stepDefs.D04_searchStepDef.pressOnSearchButton()&amp#27;[0m
  &amp#27;[32mThen &amp#27;[0m&amp#27;[32muser go to productPage successfully by name&amp#27;[0m     &amp#27;[90m# org.example.stepDefs.D04_searchStepDef.userGoToProductPageSuccessfullyByName()&amp#27;[0m

@smoke
Scenario Outline: user could search using product name &amp#27;[90m# src/main/resources/features/F04_Search.feature:14&amp#27;[0m
  &amp#27;[32mWhen &amp#27;[0m&amp#27;[32mUser could enter the product by &amp#27;[0m&amp#27;[32m&amp#27;[1mlaptop&amp#27;[0m          &amp#27;[90m# org.example.stepDefs.D04_searchStepDef.userCouldEnterTheProduct(java.lang.String)&amp#27;[0m
  &amp#27;[32mAnd &amp#27;[0m&amp#27;[32mpress on Search button&amp#27;[0m                           &amp#27;[90m# org.example.stepDefs.D04_searchStepDef.pressOnSearchButton()&amp#27;[0m
  &amp#27;[32mThen &amp#27;[0m&amp#27;[32muser go to productPage successfully by name&amp#27;[0m     &amp#27;[90m# org.example.stepDefs.D04_searchStepDef.userGoToProductPageSuccessfullyByName()&amp#27;[0m

@smoke
Scenario Outline: user could search using product name &amp#27;[90m# src/main/resources/features/F04_Search.feature:15&amp#27;[0m
  &amp#27;[32mWhen &amp#27;[0m&amp#27;[32mUser could enter the product by &amp#27;[0m&amp#27;[32m&amp#27;[1mnike&amp#27;[0m            &amp#27;[90m# org.example.stepDefs.D04_searchStepDef.userCouldEnterTheProduct(java.lang.String)&amp#27;[0m
  &amp#27;[32mAnd &amp#27;[0m&amp#27;[32mpress on Search button&amp#27;[0m                           &amp#27;[90m# org.example.stepDefs.D04_searchStepDef.pressOnSearchButton()&amp#27;[0m
  &amp#27;[32mThen &amp#27;[0m&amp#27;[32muser go to productPage successfully by name&amp#27;[0m     &amp#27;[90m# org.example.stepDefs.D04_searchStepDef.userGoToProductPageSuccessfullyByName()&amp#27;[0m

@smoke
Scenario Outline: user could search for product using sku &amp#27;[90m# src/main/resources/features/F04_Search.feature:24&amp#27;[0m
  &amp#27;[32mWhen &amp#27;[0m&amp#27;[32mUser could enter the product by &amp#27;[0m&amp#27;[32m&amp#27;[1mSCI_FAITH&amp#27;[0m          &amp#27;[90m# org.example.stepDefs.D04_searchStepDef.userCouldEnterTheProduct(java.lang.String)&amp#27;[0m
  &amp#27;[32mAnd &amp#27;[0m&amp#27;[32mpress on Search button&amp#27;[0m                              &amp#27;[90m# org.example.stepDefs.D04_searchStepDef.pressOnSearchButton()&amp#27;[0m
  &amp#27;[32mThen &amp#27;[0m&amp#27;[32muser go to productPage successfully by Sku&amp#27;[0m         &amp#27;[90m# org.example.stepDefs.D04_searchStepDef.userGoToProductPageSuccessfullyBySku()&amp#27;[0m

@smoke
Scenario Outline: user could search for product using sku &amp#27;[90m# src/main/resources/features/F04_Search.feature:25&amp#27;[0m
  &amp#27;[32mWhen &amp#27;[0m&amp#27;[32mUser could enter the product by &amp#27;[0m&amp#27;[32m&amp#27;[1mAPPLE_CAM&amp#27;[0m          &amp#27;[90m# org.example.stepDefs.D04_searchStepDef.userCouldEnterTheProduct(java.lang.String)&amp#27;[0m
  &amp#27;[32mAnd &amp#27;[0m&amp#27;[32mpress on Search button&amp#27;[0m                              &amp#27;[90m# org.example.stepDefs.D04_searchStepDef.pressOnSearchButton()&amp#27;[0m
  &amp#27;[32mThen &amp#27;[0m&amp#27;[32muser go to productPage successfully by Sku&amp#27;[0m         &amp#27;[90m# org.example.stepDefs.D04_searchStepDef.userGoToProductPageSuccessfullyBySku()&amp#27;[0m

@smoke
Scenario Outline: user could search for product using sku &amp#27;[90m# src/main/resources/features/F04_Search.feature:26&amp#27;[0m
  &amp#27;[32mWhen &amp#27;[0m&amp#27;[32mUser could enter the product by &amp#27;[0m&amp#27;[32m&amp#27;[1mSF_PRO_11&amp#27;[0m          &amp#27;[90m# org.example.stepDefs.D04_searchStepDef.userCouldEnterTheProduct(java.lang.String)&amp#27;[0m
  &amp#27;[32mAnd &amp#27;[0m&amp#27;[32mpress on Search button&amp#27;[0m                              &amp#27;[90m# org.example.stepDefs.D04_searchStepDef.pressOnSearchButton()&amp#27;[0m
  &amp#27;[32mThen &amp#27;[0m&amp#27;[32muser go to productPage successfully by Sku&amp#27;[0m         &amp#27;[90m# org.example.stepDefs.D04_searchStepDef.userGoToProductPageSuccessfullyBySku()&amp#27;[0m

@smoke
Scenario: user could hover on one of main categories then click on sub category &amp#27;[90m# src/main/resources/features/F05_hoverCategories.feature:5&amp#27;[0m
  &amp#27;[32mWhen &amp#27;[0m&amp#27;[32muser could hover on categories&amp#27;[0m                                           &amp#27;[90m# org.example.stepDefs.D05_hoverCategoriesStepDef.hover_on_categories()&amp#27;[0m

@smoke
Scenario: first slider (Nokia Lumia 1020) is clickable on home page &amp#27;[90m# src/main/resources/features/F06_homeSliders.feature:4&amp#27;[0m
  &amp#27;[32mWhen &amp#27;[0m&amp#27;[32muser click on first slider Nokia Lumia 1020&amp#27;[0m                  &amp#27;[90m# org.example.stepDefs.D06_homeSlidersStepDef.click_on_first_slider()&amp#27;[0m
  &amp#27;[31mThen &amp#27;[0m&amp#27;[31muser go to Nokia Lumia 1020 page&amp#27;[0]]></system-out>
    <system-err><![CDATA[Starting ChromeDriver 104.0.5112.79 (3cf3e8c8a07d104b9e1260c910efb8f383285dc5-refs/branch-heads/5112@{#1307}) on port 64697
Only local connections are allowed.
Please see https://chromedriver.chromium.org/security-considerations for suggestions on keeping ChromeDriver safe.
ChromeDriver was started successfully.
أغس 19, 2022 5:50:15 م org.openqa.selenium.remote.ProtocolHandshake createSession
INFO: Detected upstream dialect: W3C
أغس 19, 2022 5:50:15 م org.openqa.selenium.devtools.CdpVersionFinder findNearestMatch
INFO: Found exact CDP implementation for version 104
]]></system-err>
  </testcase>
  <testcase name="runScenario[&quot;second slider (iPhone) is clickable on home page&quot;, &quot;F06_homeSliders | user could click on Sliders&quot;](13)" classname="org.example.testRunner.runners" time="16.342">
    <failure message="expected [https://demo.nopcommerce.com/iphone-6] but found [https://demo.nopcommerce.com/]" type="java.lang.AssertionError"><![CDATA[java.lang.AssertionError: expected [https://demo.nopcommerce.com/iphone-6] but found [https://demo.nopcommerce.com/]
	at org.testng.Assert.fail(Assert.java:110)
	at org.testng.Assert.failNotEquals(Assert.java:1413)
	at org.testng.Assert.assertEqualsImpl(Assert.java:149)
	at org.testng.Assert.assertEquals(Assert.java:131)
	at org.testng.Assert.assertEquals(Assert.java:655)
	at org.testng.Assert.assertEquals(Assert.java:665)
	at org.example.stepDefs.D06_homeSlidersStepDef.userGoToIPhonePage(D06_homeSlidersStepDef.java:28)
	at ✽.user go to iPhone  page(file:///D:/MY%20Brojct/demonopcommerce/src/main/resources/features/F06_homeSliders.feature:11)
]]></failure>
    <system-err><![CDATA[Starting ChromeDriver 104.0.5112.79 (3cf3e8c8a07d104b9e1260c910efb8f383285dc5-refs/branch-heads/5112@{#1307}) on port 52620
Only local connections are allowed.
Please see https://chromedriver.chromium.org/security-considerations for suggestions on keeping ChromeDriver safe.
ChromeDriver was started successfully.
أغس 19, 2022 5:50:31 م org.openqa.selenium.remote.ProtocolHandshake createSession
INFO: Detected upstream dialect: W3C
أغس 19, 2022 5:50:31 م org.openqa.selenium.devtools.CdpVersionFinder findNearestMatch
INFO: Found exact CDP implementation for version 104
]]></system-err>
  </testcase>
  <testcase name="runScenario[&quot;user opens facebook link&quot;, &quot;F07_followUs | users could open followUs links&quot;](14)" classname="org.example.testRunner.runners" time="24.832">
    <system-err><![CDATA[Starting ChromeDriver 104.0.5112.79 (3cf3e8c8a07d104b9e1260c910efb8f383285dc5-refs/branch-heads/5112@{#1307}) on port 50773
Only local connections are allowed.
Please see https://chromedriver.chromium.org/security-considerations for suggestions on keeping ChromeDriver safe.
ChromeDriver was started successfully.
أغس 19, 2022 5:50:48 م org.openqa.selenium.remote.ProtocolHandshake createSession
INFO: Detected upstream dialect: W3C
أغس 19, 2022 5:50:48 م org.openqa.selenium.devtools.CdpVersionFinder findNearestMatch
INFO: Found exact CDP implementation for version 104
]]></system-err>
  </testcase>
  <testcase name="runScenario[&quot;user opens twitter link&quot;, &quot;F07_followUs | users could open followUs links&quot;](15)" classname="org.example.testRunner.runners" time="29.167">
    <system-err><![CDATA[Starting ChromeDriver 104.0.5112.79 (3cf3e8c8a07d104b9e1260c910efb8f383285dc5-refs/branch-heads/5112@{#1307}) on port 55037
Only local connections are allowed.
Please see https://chromedriver.chromium.org/security-considerations for suggestions on keeping ChromeDriver safe.
ChromeDriver was started successfully.
أغس 19, 2022 5:51:13 م org.openqa.selenium.remote.ProtocolHandshake createSession
INFO: Detected upstream dialect: W3C
أغس 19, 2022 5:51:13 م org.openqa.selenium.devtools.CdpVersionFinder findNearestMatch
INFO: Found exact CDP implementation for version 104
]]></system-err>
  </testcase>
  <testcase name="runScenario[&quot;user opens rss link&quot;, &quot;F07_followUs | users could open followUs links&quot;](16)" classname="org.example.testRunner.runners" time="17.396">
    <failure message="Index: 1, Size: 1" type="java.lang.IndexOutOfBoundsException"><![CDATA[java.lang.IndexOutOfBoundsException: Index: 1, Size: 1
	at java.util.ArrayList.rangeCheck(ArrayList.java:659)
	at java.util.ArrayList.get(ArrayList.java:435)
	at org.example.stepDefs.D07_followUsStepDef.userOpensRssLink(D07_followUsStepDef.java:40)
	at ✽.user opens rss link(file:///D:/MY%20Brojct/demonopcommerce/src/main/resources/features/F07_followUs.feature:15)
]]></failure>
    <system-err><![CDATA[Starting ChromeDriver 104.0.5112.79 (3cf3e8c8a07d104b9e1260c910efb8f383285dc5-refs/branch-heads/5112@{#1307}) on port 57892
Only local connections are allowed.
Please see https://chromedriver.chromium.org/security-considerations for suggestions on keeping ChromeDriver safe.
ChromeDriver was started successfully.
أغس 19, 2022 5:51:43 م org.openqa.selenium.remote.ProtocolHandshake createSession
INFO: Detected upstream dialect: W3C
أغس 19, 2022 5:51:43 م org.openqa.selenium.devtools.CdpVersionFinder findNearestMatch
INFO: Found exact CDP implementation for version 104
]]></system-err>
  </testcase>
  <testcase name="runScenario[&quot;user opens youtube link&quot;, &quot;F07_followUs | users could open followUs links&quot;](17)" classname="org.example.testRunner.runners" time="27.968">
    <system-err><![CDATA[Starting ChromeDriver 104.0.5112.79 (3cf3e8c8a07d104b9e1260c910efb8f383285dc5-refs/branch-heads/5112@{#1307}) on port 64464
Only local connections are allowed.
Please see https://chromedriver.chromium.org/security-considerations for suggestions on keeping ChromeDriver safe.
ChromeDriver was started successfully.
أغس 19, 2022 5:51:59 م org.openqa.selenium.remote.ProtocolHandshake createSession
INFO: Detected upstream dialect: W3C
أغس 19, 2022 5:52:00 م org.openqa.selenium.devtools.CdpVersionFinder findNearestMatch
INFO: Found exact CDP implementation for version 104
]]></system-err>
  </testcase>
  <testcase name="runScenario[&quot;user could click on wishlist button ❤️ on this product &quot;HTC One M8 Android L 5.0 Lollipop&quot;&quot;, &quot;F08_Wishlist | user could use wishlist Functionality&quot;](18)" classname="org.example.testRunner.runners" time="16.717">
    <system-err><![CDATA[Starting ChromeDriver 104.0.5112.79 (3cf3e8c8a07d104b9e1260c910efb8f383285dc5-refs/branch-heads/5112@{#1307}) on port 54164
Only local connections are allowed.
Please see https://chromedriver.chromium.org/security-considerations for suggestions on keeping ChromeDriver safe.
ChromeDriver was started successfully.
أغس 19, 2022 5:52:27 م org.openqa.selenium.remote.ProtocolHandshake createSession
INFO: Detected upstream dialect: W3C
أغس 19, 2022 5:52:28 م org.openqa.selenium.devtools.CdpVersionFinder findNearestMatch
INFO: Found exact CDP implementation for version 104
]]></system-err>
  </testcase>
  <testcase name="runScenario[&quot;user click on wishlist in Success massage&quot;, &quot;F08_Wishlist | user could use wishlist Functionality&quot;](19)" classname="org.example.testRunner.runners" time="16.498">
    <system-out><![CDATA[countStr :1
]]></system-out>
    <system-err><![CDATA[Starting ChromeDriver 104.0.5112.79 (3cf3e8c8a07d104b9e1260c910efb8f383285dc5-refs/branch-heads/5112@{#1307}) on port 56146
Only local connections are allowed.
Please see https://chromedriver.chromium.org/security-considerations for suggestions on keeping ChromeDriver safe.
ChromeDriver was started successfully.
أغس 19, 2022 5:52:44 م org.openqa.selenium.remote.ProtocolHandshake createSession
INFO: Detected upstream dialect: W3C
أغس 19, 2022 5:52:44 م org.openqa.selenium.devtools.CdpVersionFinder findNearestMatch
INFO: Found exact CDP implementation for version 104
]]></system-err>
  </testcase>
</testsuite>